<?xml version="1.0" encoding="UTF-8"?>
<!-- Generated by org.testng.reporters.JUnitXMLReporter -->
<testsuite ignored="0" hostname="LAPTOP-LD88KT04" failures="0" tests="3" name="Facebooklogin Positive case" time="0.071" errors="0" timestamp="2021-03-22T21:31:54 GMT">
  <testcase classname="FacebookLogin" name="loginValidCredentials" time="0.016"/>
  <testcase classname="FacebookLogin" name="logininvalidcredential" time="0.002"/>
  <testcase classname="FacebookLogin" name="logininvalidcredentialtwo" time="0.002"/>
</testsuite> <!-- Facebooklogin Positive case -->
