<?xml version="1.0" encoding="UTF-8"?>
<!-- Generated by org.testng.reporters.JUnitXMLReporter -->
<testsuite ignored="0" hostname="LAPTOP-LD88KT04" failures="0" tests="4" name="Gmail Positive case" time="0.03" errors="0" timestamp="2021-03-22T21:31:54 GMT">
  <testcase classname="TestPackageTwoo.TestGmail" name="GmailloginValidCredentials" time="0.003"/>
  <testcase classname="TestPackageTwoo.TestGmail" name="Gmaillogininvalidcredential" time="0.003"/>
  <testcase classname="TestPackageTwoo.TestGmailTwo" name="GmailloginValidCredentialsT" time="0.003"/>
  <testcase classname="TestPackageTwoo.TestGmailTwo" name="GmaillogininvalidcredentialT" time="0.004"/>
</testsuite> <!-- Gmail Positive case -->
