<?xml version="1.0" encoding="UTF-8"?>
<!-- Generated by org.testng.reporters.JUnitXMLReporter -->
<testsuite ignored="2" hostname="LAPTOP-LD88KT04" failures="0" tests="2" name="Group functionality" time="0.064" errors="0" timestamp="2021-03-23T10:09:49 GMT">
  <testcase classname="ExecutionOrder.TesGrouping" name="RegressionTwo" time="0.011"/>
  <testcase classname="ExecutionOrder.TesGrouping" name="regression" time="0.002"/>
  <testcase classname="ExecutionOrder.TesGrouping" name="smokeTest" time="0.0">
    <ignored/>
  </testcase> <!-- smokeTest -->
  <testcase classname="ExecutionOrder.TesGrouping" name="Aftermethod" time="0.0">
    <ignored/>
  </testcase> <!-- Aftermethod -->
</testsuite> <!-- Group functionality -->
