<?xml version="1.0" encoding="UTF-8"?>
<testng-results ignored="0" total="2" passed="2" failed="0" skipped="0">
  <reporter-output>
  </reporter-output>
  <suite started-at="2021-03-23T19:35:42 GMT" name="Suite" finished-at="2021-03-23T19:35:42 GMT" duration-ms="1">
    <groups>
    </groups>
    <test started-at="2021-03-23T19:35:42 GMT" name="Test" finished-at="2021-03-23T19:35:42 GMT" duration-ms="1">
    </test> <!-- Test -->
  </suite> <!-- Suite -->
  <suite started-at="2021-03-23T19:35:42 GMT" name="Suite (0)" finished-at="2021-03-23T19:35:42 GMT" duration-ms="11">
    <groups>
    </groups>
    <test started-at="2021-03-23T19:35:42 GMT" name="Test" finished-at="2021-03-23T19:35:42 GMT" duration-ms="11">
      <class name="ExecutionOrder.TestNgexeorderOne1">
        <test-method is-config="true" signature="BeforeSuitee()[pri:0, instance:ExecutionOrder.TestNgexeorderOne1@63a65a25]" started-at="2021-03-23T19:35:42 GMT" name="BeforeSuitee" finished-at="2021-03-23T19:35:42 GMT" duration-ms="1" status="PASS">
          <reporter-output>
          </reporter-output>
        </test-method> <!-- BeforeSuitee -->
        <test-method is-config="true" signature="Beforetestt()[pri:0, instance:ExecutionOrder.TestNgexeorderOne1@63a65a25]" started-at="2021-03-23T19:35:42 GMT" name="Beforetestt" finished-at="2021-03-23T19:35:42 GMT" duration-ms="1" status="PASS">
          <reporter-output>
          </reporter-output>
        </test-method> <!-- Beforetestt -->
      </class> <!-- ExecutionOrder.TestNgexeorderOne1 -->
      <class name="ExecutionOrder.TestNgexeorderTwo">
        <test-method is-config="true" signature="BeforeClass()[pri:0, instance:ExecutionOrder.TestNgexeorderTwo@54c562f7]" started-at="2021-03-23T19:35:42 GMT" name="BeforeClass" finished-at="2021-03-23T19:35:42 GMT" duration-ms="0" status="PASS">
          <reporter-output>
          </reporter-output>
        </test-method> <!-- BeforeClass -->
        <test-method is-config="true" signature="BeforeMethod()[pri:0, instance:ExecutionOrder.TestNgexeorderTwo@54c562f7]" started-at="2021-03-23T19:35:42 GMT" name="BeforeMethod" finished-at="2021-03-23T19:35:42 GMT" duration-ms="0" status="PASS">
          <reporter-output>
          </reporter-output>
        </test-method> <!-- BeforeMethod -->
        <test-method signature="Firsttest()[pri:0, instance:ExecutionOrder.TestNgexeorderTwo@54c562f7]" started-at="2021-03-23T19:35:42 GMT" name="Firsttest" finished-at="2021-03-23T19:35:42 GMT" duration-ms="2" status="PASS">
          <reporter-output>
          </reporter-output>
        </test-method> <!-- Firsttest -->
        <test-method is-config="true" signature="Aftermethod()[pri:0, instance:ExecutionOrder.TestNgexeorderTwo@54c562f7]" started-at="2021-03-23T19:35:42 GMT" name="Aftermethod" finished-at="2021-03-23T19:35:42 GMT" duration-ms="1" status="PASS">
          <reporter-output>
          </reporter-output>
        </test-method> <!-- Aftermethod -->
        <test-method is-config="true" signature="AfterClass()[pri:0, instance:ExecutionOrder.TestNgexeorderTwo@54c562f7]" started-at="2021-03-23T19:35:42 GMT" name="AfterClass" finished-at="2021-03-23T19:35:42 GMT" duration-ms="1" status="PASS">
          <reporter-output>
          </reporter-output>
        </test-method> <!-- AfterClass -->
        <test-method is-config="true" signature="AfterTest()[pri:0, instance:ExecutionOrder.TestNgexeorderTwo@54c562f7]" started-at="2021-03-23T19:35:42 GMT" name="AfterTest" finished-at="2021-03-23T19:35:42 GMT" duration-ms="1" status="PASS">
          <reporter-output>
          </reporter-output>
        </test-method> <!-- AfterTest -->
        <test-method is-config="true" signature="AfterSuite()[pri:0, instance:ExecutionOrder.TestNgexeorderTwo@54c562f7]" started-at="2021-03-23T19:35:42 GMT" name="AfterSuite" finished-at="2021-03-23T19:35:42 GMT" duration-ms="0" status="PASS">
          <reporter-output>
          </reporter-output>
        </test-method> <!-- AfterSuite -->
      </class> <!-- ExecutionOrder.TestNgexeorderTwo -->
    </test> <!-- Test -->
  </suite> <!-- Suite (0) -->
  <suite started-at="2021-03-23T19:35:42 GMT" name="Mltiple test Suite file" finished-at="2021-03-23T19:35:42 GMT" duration-ms="0">
    <groups>
    </groups>
  </suite> <!-- Mltiple test Suite file -->
  <suite started-at="2021-03-23T19:35:41 GMT" name="Test NG Sanple order" finished-at="2021-03-23T19:35:41 GMT" duration-ms="55">
    <groups>
    </groups>
    <test started-at="2021-03-23T19:35:41 GMT" name="sample" finished-at="2021-03-23T19:35:41 GMT" duration-ms="55">
      <class name="ExecutionOrder.TestNgexeorderOne1">
        <test-method is-config="true" signature="BeforeSuitee()[pri:0, instance:ExecutionOrder.TestNgexeorderOne1@75f32542]" started-at="2021-03-23T19:35:41 GMT" name="BeforeSuitee" finished-at="2021-03-23T19:35:41 GMT" duration-ms="18" status="PASS">
          <reporter-output>
          </reporter-output>
        </test-method> <!-- BeforeSuitee -->
        <test-method is-config="true" signature="Beforetestt()[pri:0, instance:ExecutionOrder.TestNgexeorderOne1@75f32542]" started-at="2021-03-23T19:35:41 GMT" name="Beforetestt" finished-at="2021-03-23T19:35:41 GMT" duration-ms="1" status="PASS">
          <reporter-output>
          </reporter-output>
        </test-method> <!-- Beforetestt -->
      </class> <!-- ExecutionOrder.TestNgexeorderOne1 -->
      <class name="ExecutionOrder.TestNgexeorderTwo">
        <test-method is-config="true" signature="BeforeClass()[pri:0, instance:ExecutionOrder.TestNgexeorderTwo@7f1302d6]" started-at="2021-03-23T19:35:41 GMT" name="BeforeClass" finished-at="2021-03-23T19:35:41 GMT" duration-ms="0" status="PASS">
          <reporter-output>
          </reporter-output>
        </test-method> <!-- BeforeClass -->
        <test-method is-config="true" signature="BeforeMethod()[pri:0, instance:ExecutionOrder.TestNgexeorderTwo@7f1302d6]" started-at="2021-03-23T19:35:41 GMT" name="BeforeMethod" finished-at="2021-03-23T19:35:41 GMT" duration-ms="0" status="PASS">
          <reporter-output>
          </reporter-output>
        </test-method> <!-- BeforeMethod -->
        <test-method signature="Firsttest()[pri:0, instance:ExecutionOrder.TestNgexeorderTwo@7f1302d6]" started-at="2021-03-23T19:35:41 GMT" name="Firsttest" finished-at="2021-03-23T19:35:41 GMT" duration-ms="11" status="PASS">
          <reporter-output>
          </reporter-output>
        </test-method> <!-- Firsttest -->
        <test-method is-config="true" signature="Aftermethod()[pri:0, instance:ExecutionOrder.TestNgexeorderTwo@7f1302d6]" started-at="2021-03-23T19:35:41 GMT" name="Aftermethod" finished-at="2021-03-23T19:35:41 GMT" duration-ms="0" status="PASS">
          <reporter-output>
          </reporter-output>
        </test-method> <!-- Aftermethod -->
        <test-method is-config="true" signature="AfterClass()[pri:0, instance:ExecutionOrder.TestNgexeorderTwo@7f1302d6]" started-at="2021-03-23T19:35:41 GMT" name="AfterClass" finished-at="2021-03-23T19:35:41 GMT" duration-ms="1" status="PASS">
          <reporter-output>
          </reporter-output>
        </test-method> <!-- AfterClass -->
        <test-method is-config="true" signature="AfterTest()[pri:0, instance:ExecutionOrder.TestNgexeorderTwo@7f1302d6]" started-at="2021-03-23T19:35:41 GMT" name="AfterTest" finished-at="2021-03-23T19:35:41 GMT" duration-ms="1" status="PASS">
          <reporter-output>
          </reporter-output>
        </test-method> <!-- AfterTest -->
        <test-method is-config="true" signature="AfterSuite()[pri:0, instance:ExecutionOrder.TestNgexeorderTwo@7f1302d6]" started-at="2021-03-23T19:35:42 GMT" name="AfterSuite" finished-at="2021-03-23T19:35:42 GMT" duration-ms="1" status="PASS">
          <reporter-output>
          </reporter-output>
        </test-method> <!-- AfterSuite -->
      </class> <!-- ExecutionOrder.TestNgexeorderTwo -->
    </test> <!-- sample -->
  </suite> <!-- Test NG Sanple order -->
</testng-results>
