<?xml version="1.0" encoding="UTF-8"?>
<!-- Generated by org.testng.reporters.JUnitXMLReporter -->
<testsuite ignored="0" hostname="LAPTOP-LD88KT04" failures="1" tests="5" name="listner test case" time="0.042" errors="0" timestamp="2021-03-23T19:26:43 GMT">
  <testcase classname="ItestListners.SampleTestlistners" name="testFour" time="0.003">
    <skipped/>
  </testcase> <!-- testFour -->
  <testcase classname="ItestListners.SampleTestlistners" name="testThree" time="0.007">
    <failure type="java.lang.AssertionError" message="expected [7] but found [5]">
      <![CDATA[java.lang.AssertionError: expected [7] but found [5]
at ItestListners.SampleTestlistners.testThree(SampleTestlistners.java:27)
at java.base/java.util.ArrayList.forEach(ArrayList.java:1540)
... Removed 34 stack frames]]>
    </failure>
  </testcase> <!-- testThree -->
  <testcase classname="ItestListners.SampleTestlistners" name="testgetData" time="0.002"/>
  <testcase classname="ItestListners.SampleTestlistners" name="testgetData" time="0.002"/>
  <testcase classname="ItestListners.SampleTestlistners" name="testone" time="0.002"/>
</testsuite> <!-- listner test case -->
