<?xml version="1.0" encoding="UTF-8"?>
<!-- Generated by org.testng.reporters.JUnitReportReporter -->
<testsuite hostname="LAPTOP-LD88KT04" failures="0" tests="3" name="FacebookLogin" time="0.020" errors="0" timestamp="2021-03-22T21:31:54 GMT" skipped="0">
  <testcase classname="FacebookLogin" name="logininvalidcredential" time="0.002"/>
  <system-out/>
  <testcase classname="FacebookLogin" name="logininvalidcredentialtwo" time="0.002"/>
  <system-out/>
  <testcase classname="FacebookLogin" name="loginValidCredentials" time="0.016"/>
  <system-out/>
</testsuite> <!-- FacebookLogin -->
