<?xml version="1.0" encoding="UTF-8"?>
<!-- Generated by org.testng.reporters.JUnitReportReporter -->
<testsuite hostname="LAPTOP-LD88KT04" failures="0" tests="2" name="ExecutionOrder.TesGrouping" time="0.013" errors="0" timestamp="2021-03-23T10:09:49 GMT" skipped="0">
  <testcase classname="ExecutionOrder.TesGrouping" name="RegressionTwo" time="0.011"/>
  <system-out/>
  <testcase classname="ExecutionOrder.TesGrouping" name="regression" time="0.002"/>
  <system-out/>
</testsuite> <!-- ExecutionOrder.TesGrouping -->
