<?xml version="1.0" encoding="UTF-8"?>
<!-- Generated by org.testng.reporters.JUnitReportReporter -->
<testsuite hostname="LAPTOP-LD88KT04" failures="0" tests="2" name="ExecutionOrder.TestNgexeorderTwo" time="0.014" errors="0" timestamp="2021-03-23T19:35:42 GMT" skipped="0">
  <testcase classname="ExecutionOrder.TestNgexeorderTwo" name="Firsttest" time="0.011"/>
  <system-out/>
  <testcase classname="ExecutionOrder.TestNgexeorderTwo" name="Firsttest" time="0.003"/>
  <system-out/>
</testsuite> <!-- ExecutionOrder.TestNgexeorderTwo -->
