<?xml version="1.0" encoding="UTF-8"?>
<!-- Generated by org.testng.reporters.JUnitReportReporter -->
<testsuite hostname="LAPTOP-LD88KT04" failures="0" tests="2" name="TestPackageTwoo.TestGmailTwo" time="0.007" errors="0" timestamp="2021-03-22T21:31:54 GMT" skipped="0">
  <testcase classname="TestPackageTwoo.TestGmailTwo" name="GmaillogininvalidcredentialT" time="0.004"/>
  <system-out/>
  <testcase classname="TestPackageTwoo.TestGmailTwo" name="GmailloginValidCredentialsT" time="0.003"/>
  <system-out/>
</testsuite> <!-- TestPackageTwoo.TestGmailTwo -->
