<?xml version="1.0" encoding="UTF-8"?>
<!-- Generated by org.testng.reporters.JUnitReportReporter -->
<testsuite hostname="LAPTOP-LD88KT04" failures="0" tests="2" name="TestPackageTwoo.TestGmail" time="0.006" errors="0" timestamp="2021-03-22T21:31:54 GMT" skipped="0">
  <testcase classname="TestPackageTwoo.TestGmail" name="Gmaillogininvalidcredential" time="0.003"/>
  <system-out/>
  <testcase classname="TestPackageTwoo.TestGmail" name="GmailloginValidCredentials" time="0.003"/>
  <system-out/>
</testsuite> <!-- TestPackageTwoo.TestGmail -->
